Traceback (most recent call last):
  File "/opt/anaconda3/lib/python3.11/site-packages/jupyter_cache/executors/utils.py", line 58, in single_nb_execution
    executenb(
  File "/opt/anaconda3/lib/python3.11/site-packages/nbclient/client.py", line 1305, in execute
    return NotebookClient(nb=nb, resources=resources, km=km, **kwargs).execute()
           ^^^^^^^^^^^^^^^^^^^^^^^^^^^^^^^^^^^^^^^^^^^^^^^^^^^^^^^^^^^^^^^^^^^^^
  File "/opt/anaconda3/lib/python3.11/site-packages/jupyter_core/utils/__init__.py", line 173, in wrapped
    return loop.run_until_complete(inner)
           ^^^^^^^^^^^^^^^^^^^^^^^^^^^^^^
  File "/opt/anaconda3/lib/python3.11/asyncio/base_events.py", line 653, in run_until_complete
    return future.result()
           ^^^^^^^^^^^^^^^
  File "/opt/anaconda3/lib/python3.11/site-packages/nbclient/client.py", line 705, in async_execute
    await self.async_execute_cell(
  File "/opt/anaconda3/lib/python3.11/site-packages/nbclient/client.py", line 1058, in async_execute_cell
    await self._check_raise_for_error(cell, cell_index, exec_reply)
  File "/opt/anaconda3/lib/python3.11/site-packages/nbclient/client.py", line 914, in _check_raise_for_error
    raise CellExecutionError.from_cell_and_msg(cell, exec_reply_content)
nbclient.exceptions.CellExecutionError: An error occurred while executing the following cell:
------------------
ss = 4
os = 2
F = np.array([[1., 0., 1., 0.],[0., 1., 0., 1.],[0., 0., 1., 0.],[0., 0., 0., 1.]]) 
H = np.array([[1., 0., 0., 0.],[0., 1, 0., 0.]])
Q = 0.1 * np.diag(np.ones(ss))
R = 10 * np.diag(np.ones(os))
x_0 = np.array([0., 0., 1., 1.])
T = 50
x, y = mmids.lgSamplePath(ss, os, F, H, Q, R, x_0, T)
plt.plot(y[0,:], y[1,:], marker='o', c='r', linestyle='dotted')
plt.xlim((np.min(y[0,:])-5, np.max(y[0,:])+5)) 
plt.ylim((np.min(y[1,:])-5, np.max(y[1,:])+5))
plt.show()
------------------


[0;31m---------------------------------------------------------------------------[0m
[0;31mTypeError[0m                                 Traceback (most recent call last)
Cell [0;32mIn[5], line 9[0m
[1;32m      7[0m x_0 [38;5;241m=[39m np[38;5;241m.[39marray([[38;5;241m0.[39m, [38;5;241m0.[39m, [38;5;241m1.[39m, [38;5;241m1.[39m])
[1;32m      8[0m T [38;5;241m=[39m [38;5;241m50[39m
[0;32m----> 9[0m x, y [38;5;241m=[39m mmids[38;5;241m.[39mlgSamplePath(ss, os, F, H, Q, R, x_0, T)
[1;32m     10[0m plt[38;5;241m.[39mplot(y[[38;5;241m0[39m,:], y[[38;5;241m1[39m,:], marker[38;5;241m=[39m[38;5;124m'[39m[38;5;124mo[39m[38;5;124m'[39m, c[38;5;241m=[39m[38;5;124m'[39m[38;5;124mr[39m[38;5;124m'[39m, linestyle[38;5;241m=[39m[38;5;124m'[39m[38;5;124mdotted[39m[38;5;124m'[39m)
[1;32m     11[0m plt[38;5;241m.[39mxlim((np[38;5;241m.[39mmin(y[[38;5;241m0[39m,:])[38;5;241m-[39m[38;5;241m5[39m, np[38;5;241m.[39mmax(y[[38;5;241m0[39m,:])[38;5;241m+[39m[38;5;241m5[39m)) 

[0;31mTypeError[0m: lgSamplePath() missing 1 required positional argument: 'T'

