Traceback (most recent call last):
  File "/Users/roch/opt/anaconda3/lib/python3.8/site-packages/jupyter_cache/executors/utils.py", line 58, in single_nb_execution
    executenb(
  File "/Users/roch/opt/anaconda3/lib/python3.8/site-packages/nbclient/client.py", line 1112, in execute
    return NotebookClient(nb=nb, resources=resources, km=km, **kwargs).execute()
  File "/Users/roch/opt/anaconda3/lib/python3.8/site-packages/nbclient/util.py", line 74, in wrapped
    return just_run(coro(*args, **kwargs))
  File "/Users/roch/opt/anaconda3/lib/python3.8/site-packages/nbclient/util.py", line 53, in just_run
    return loop.run_until_complete(coro)
  File "/Users/roch/opt/anaconda3/lib/python3.8/asyncio/base_events.py", line 616, in run_until_complete
    return future.result()
  File "/Users/roch/opt/anaconda3/lib/python3.8/site-packages/nbclient/client.py", line 553, in async_execute
    await self.async_execute_cell(
  File "/Users/roch/opt/anaconda3/lib/python3.8/site-packages/nbclient/client.py", line 857, in async_execute_cell
    self._check_raise_for_error(cell, exec_reply)
  File "/Users/roch/opt/anaconda3/lib/python3.8/site-packages/nbclient/client.py", line 760, in _check_raise_for_error
    raise CellExecutionError.from_cell_and_msg(cell, exec_reply_content)
nbclient.exceptions.CellExecutionError: An error occurred while executing the following cell:
------------------
g = graph.rag_mean_color(img, labels1, mode='similarity')
nx.draw(g, pos=nx.spring_layout(g))
------------------

[0;31m---------------------------------------------------------------------------[0m
[0;31mAttributeError[0m                            Traceback (most recent call last)
[0;32m<ipython-input-13-dbbe551889c4>[0m in [0;36m<module>[0;34m[0m
[0;32m----> 1[0;31m [0mg[0m [0;34m=[0m [0mgraph[0m[0;34m.[0m[0mrag_mean_color[0m[0;34m([0m[0mimg[0m[0;34m,[0m [0mlabels1[0m[0;34m,[0m [0mmode[0m[0;34m=[0m[0;34m'similarity'[0m[0;34m)[0m[0;34m[0m[0;34m[0m[0m
[0m[1;32m      2[0m [0mnx[0m[0;34m.[0m[0mdraw[0m[0;34m([0m[0mg[0m[0;34m,[0m [0mpos[0m[0;34m=[0m[0mnx[0m[0;34m.[0m[0mspring_layout[0m[0;34m([0m[0mg[0m[0;34m)[0m[0;34m)[0m[0;34m[0m[0;34m[0m[0m

[0;31mAttributeError[0m: module 'skimage.graph' has no attribute 'rag_mean_color'
AttributeError: module 'skimage.graph' has no attribute 'rag_mean_color'

