Traceback (most recent call last):
  File "/Users/roch/opt/anaconda3/lib/python3.8/site-packages/jupyter_cache/executors/utils.py", line 58, in single_nb_execution
    executenb(
  File "/Users/roch/opt/anaconda3/lib/python3.8/site-packages/nbclient/client.py", line 1112, in execute
    return NotebookClient(nb=nb, resources=resources, km=km, **kwargs).execute()
  File "/Users/roch/opt/anaconda3/lib/python3.8/site-packages/nbclient/util.py", line 74, in wrapped
    return just_run(coro(*args, **kwargs))
  File "/Users/roch/opt/anaconda3/lib/python3.8/site-packages/nbclient/util.py", line 53, in just_run
    return loop.run_until_complete(coro)
  File "/Users/roch/opt/anaconda3/lib/python3.8/asyncio/base_events.py", line 616, in run_until_complete
    return future.result()
  File "/Users/roch/opt/anaconda3/lib/python3.8/site-packages/nbclient/client.py", line 553, in async_execute
    await self.async_execute_cell(
  File "/Users/roch/opt/anaconda3/lib/python3.8/site-packages/nbclient/client.py", line 857, in async_execute_cell
    self._check_raise_for_error(cell, exec_reply)
  File "/Users/roch/opt/anaconda3/lib/python3.8/site-packages/nbclient/client.py", line 760, in _check_raise_for_error
    raise CellExecutionError.from_cell_and_msg(cell, exec_reply_content)
nbclient.exceptions.CellExecutionError: An error occurred while executing the following cell:
------------------
X = np.array([[1., 0.],[-2., 0.],[-2.,1.],[1.,-3.],[-10.,10.],[2.,-2.],[-3.,1.],[3.,-1.]])
assign = kmeans(X, 3)
------------------

[0;31m---------------------------------------------------------------------------[0m
[0;31mNameError[0m                                 Traceback (most recent call last)
[0;32m<ipython-input-9-6f0becf796a0>[0m in [0;36m<module>[0;34m[0m
[1;32m      1[0m [0mX[0m [0;34m=[0m [0mnp[0m[0;34m.[0m[0marray[0m[0;34m([0m[0;34m[[0m[0;34m[[0m[0;36m1.[0m[0;34m,[0m [0;36m0.[0m[0;34m][0m[0;34m,[0m[0;34m[[0m[0;34m-[0m[0;36m2.[0m[0;34m,[0m [0;36m0.[0m[0;34m][0m[0;34m,[0m[0;34m[[0m[0;34m-[0m[0;36m2.[0m[0;34m,[0m[0;36m1.[0m[0;34m][0m[0;34m,[0m[0;34m[[0m[0;36m1.[0m[0;34m,[0m[0;34m-[0m[0;36m3.[0m[0;34m][0m[0;34m,[0m[0;34m[[0m[0;34m-[0m[0;36m10.[0m[0;34m,[0m[0;36m10.[0m[0;34m][0m[0;34m,[0m[0;34m[[0m[0;36m2.[0m[0;34m,[0m[0;34m-[0m[0;36m2.[0m[0;34m][0m[0;34m,[0m[0;34m[[0m[0;34m-[0m[0;36m3.[0m[0;34m,[0m[0;36m1.[0m[0;34m][0m[0;34m,[0m[0;34m[[0m[0;36m3.[0m[0;34m,[0m[0;34m-[0m[0;36m1.[0m[0;34m][0m[0;34m][0m[0;34m)[0m[0;34m[0m[0;34m[0m[0m
[0;32m----> 2[0;31m [0massign[0m [0;34m=[0m [0mkmeans[0m[0;34m([0m[0mX[0m[0;34m,[0m [0;36m3[0m[0;34m)[0m[0;34m[0m[0;34m[0m[0m
[0m
[0;32m<ipython-input-8-af25bb19f743>[0m in [0;36mkmeans[0;34m(X, k, maxiter)[0m
[1;32m      1[0m [0;32mdef[0m [0mkmeans[0m[0;34m([0m[0mX[0m[0;34m,[0m [0mk[0m[0;34m,[0m [0mmaxiter[0m[0;34m=[0m[0;36m10[0m[0;34m)[0m[0;34m:[0m[0;34m[0m[0;34m[0m[0m
[1;32m      2[0m     [0;34m([0m[0mn[0m[0;34m,[0m [0md[0m[0;34m)[0m [0;34m=[0m [0mX[0m[0;34m.[0m[0mshape[0m[0;34m[0m[0;34m[0m[0m
[0;32m----> 3[0;31m     [0massign[0m [0;34m=[0m [0mrng[0m[0;34m.[0m[0mintegers[0m[0;34m([0m[0;36m0[0m[0;34m,[0m[0mk[0m[0;34m,[0m[0mn[0m[0;34m)[0m[0;34m[0m[0;34m[0m[0m
[0m[1;32m      4[0m     [0mreps[0m [0;34m=[0m [0mnp[0m[0;34m.[0m[0mzeros[0m[0;34m([0m[0;34m([0m[0mk[0m[0;34m,[0m [0md[0m[0;34m)[0m[0;34m,[0m [0mdtype[0m[0;34m=[0m[0mint[0m[0;34m)[0m[0;34m[0m[0;34m[0m[0m
[1;32m      5[0m     [0;32mfor[0m [0miter[0m [0;32min[0m [0mrange[0m[0;34m([0m[0mmaxiter[0m[0;34m)[0m[0;34m:[0m[0;34m[0m[0;34m[0m[0m

[0;31mNameError[0m: name 'rng' is not defined
NameError: name 'rng' is not defined

