Traceback (most recent call last):
  File "/Users/roch/opt/anaconda3/lib/python3.8/site-packages/jupyter_cache/executors/utils.py", line 58, in single_nb_execution
    executenb(
  File "/Users/roch/opt/anaconda3/lib/python3.8/site-packages/nbclient/client.py", line 1112, in execute
    return NotebookClient(nb=nb, resources=resources, km=km, **kwargs).execute()
  File "/Users/roch/opt/anaconda3/lib/python3.8/site-packages/nbclient/util.py", line 74, in wrapped
    return just_run(coro(*args, **kwargs))
  File "/Users/roch/opt/anaconda3/lib/python3.8/site-packages/nbclient/util.py", line 53, in just_run
    return loop.run_until_complete(coro)
  File "/Users/roch/opt/anaconda3/lib/python3.8/asyncio/base_events.py", line 616, in run_until_complete
    return future.result()
  File "/Users/roch/opt/anaconda3/lib/python3.8/site-packages/nbclient/client.py", line 553, in async_execute
    await self.async_execute_cell(
  File "/Users/roch/opt/anaconda3/lib/python3.8/site-packages/nbclient/client.py", line 857, in async_execute_cell
    self._check_raise_for_error(cell, exec_reply)
  File "/Users/roch/opt/anaconda3/lib/python3.8/site-packages/nbclient/client.py", line 760, in _check_raise_for_error
    raise CellExecutionError.from_cell_and_msg(cell, exec_reply_content)
nbclient.exceptions.CellExecutionError: An error occurred while executing the following cell:
------------------
A_star = nx.adjacency_matrix(G).toarray()
P_star = transition_from_graph(G_star)
pagerank(P_star.T, 10000, 0.999)
------------------

[0;31m---------------------------------------------------------------------------[0m
[0;31mNameError[0m                                 Traceback (most recent call last)
[0;32m<ipython-input-37-e43834a71486>[0m in [0;36m<module>[0;34m[0m
[0;32m----> 1[0;31m [0mA_star[0m [0;34m=[0m [0mnx[0m[0;34m.[0m[0madjacency_matrix[0m[0;34m([0m[0mG[0m[0;34m)[0m[0;34m.[0m[0mtoarray[0m[0;34m([0m[0;34m)[0m[0;34m[0m[0;34m[0m[0m
[0m[1;32m      2[0m [0mP_star[0m [0;34m=[0m [0mtransition_from_graph[0m[0;34m([0m[0mG_star[0m[0;34m)[0m[0;34m[0m[0;34m[0m[0m
[1;32m      3[0m [0mpagerank[0m[0;34m([0m[0mP_star[0m[0;34m.[0m[0mT[0m[0;34m,[0m [0;36m10000[0m[0;34m,[0m [0;36m0.999[0m[0;34m)[0m[0;34m[0m[0;34m[0m[0m

[0;31mNameError[0m: name 'G' is not defined
NameError: name 'G' is not defined

